[INFO  do 22 jun 2023 22:30:17 CEST] ...acker/start/mason.nvim/lua/mason-core/installer/init.lua:184: Executing installer for Package(name=angular-language-server) {}
[INFO  do 22 jun 2023 22:30:17 CEST] ...acker/start/mason.nvim/lua/mason-core/installer/init.lua:184: Executing installer for Package(name=bash-language-server) {}
[INFO  do 22 jun 2023 22:30:17 CEST] ...acker/start/mason.nvim/lua/mason-core/installer/init.lua:184: Executing installer for Package(name=css-lsp) {}
[INFO  do 22 jun 2023 22:30:17 CEST] ...acker/start/mason.nvim/lua/mason-core/installer/init.lua:184: Executing installer for Package(name=eslint-lsp) {}
[INFO  do 22 jun 2023 22:30:21 CEST] ...acker/start/mason.nvim/lua/mason-core/installer/init.lua:184: Executing installer for Package(name=gopls) {}
[INFO  do 22 jun 2023 22:30:21 CEST] ...acker/start/mason.nvim/lua/mason-core/installer/init.lua:245: Installation succeeded for Package(name=css-lsp)
[INFO  do 22 jun 2023 22:30:21 CEST] ...acker/start/mason.nvim/lua/mason-core/installer/init.lua:184: Executing installer for Package(name=html-lsp) {}
[ERROR do 22 jun 2023 22:30:21 CEST] ...acker/start/mason.nvim/lua/mason-core/installer/init.lua:249: Installation failed for Package(name=gopls) error=spawn: go failed with exit code - and signal -. go is not executable
[INFO  do 22 jun 2023 22:30:22 CEST] ...acker/start/mason.nvim/lua/mason-core/installer/init.lua:184: Executing installer for Package(name=json-lsp) {}
[INFO  do 22 jun 2023 22:30:22 CEST] ...acker/start/mason.nvim/lua/mason-core/installer/init.lua:245: Installation succeeded for Package(name=eslint-lsp)
[INFO  do 22 jun 2023 22:30:22 CEST] ...acker/start/mason.nvim/lua/mason-core/installer/init.lua:184: Executing installer for Package(name=lua-language-server) {}
[INFO  do 22 jun 2023 22:30:22 CEST] ...acker/start/mason.nvim/lua/mason-core/installer/init.lua:245: Installation succeeded for Package(name=bash-language-server)
[INFO  do 22 jun 2023 22:30:24 CEST] ...acker/start/mason.nvim/lua/mason-core/installer/init.lua:184: Executing installer for Package(name=rust-analyzer) {}
[INFO  do 22 jun 2023 22:30:24 CEST] ...acker/start/mason.nvim/lua/mason-core/installer/init.lua:245: Installation succeeded for Package(name=html-lsp)
[INFO  do 22 jun 2023 22:30:24 CEST] ...acker/start/mason.nvim/lua/mason-core/installer/init.lua:184: Executing installer for Package(name=svelte-language-server) {}
[INFO  do 22 jun 2023 22:30:24 CEST] ...acker/start/mason.nvim/lua/mason-core/installer/init.lua:245: Installation succeeded for Package(name=lua-language-server)
[INFO  do 22 jun 2023 22:30:25 CEST] ...acker/start/mason.nvim/lua/mason-core/installer/init.lua:184: Executing installer for Package(name=tailwindcss-language-server) {}
[INFO  do 22 jun 2023 22:30:25 CEST] ...acker/start/mason.nvim/lua/mason-core/installer/init.lua:245: Installation succeeded for Package(name=json-lsp)
[INFO  do 22 jun 2023 22:30:25 CEST] ...acker/start/mason.nvim/lua/mason-core/installer/init.lua:184: Executing installer for Package(name=typescript-language-server) {}
[INFO  do 22 jun 2023 22:30:25 CEST] ...acker/start/mason.nvim/lua/mason-core/installer/init.lua:245: Installation succeeded for Package(name=angular-language-server)
[INFO  do 22 jun 2023 22:30:27 CEST] ...acker/start/mason.nvim/lua/mason-core/installer/init.lua:184: Executing installer for Package(name=yaml-language-server) {}
[INFO  do 22 jun 2023 22:30:27 CEST] ...acker/start/mason.nvim/lua/mason-core/installer/init.lua:245: Installation succeeded for Package(name=typescript-language-server)
[INFO  do 22 jun 2023 22:30:28 CEST] ...acker/start/mason.nvim/lua/mason-core/installer/init.lua:245: Installation succeeded for Package(name=tailwindcss-language-server)
[INFO  do 22 jun 2023 22:30:31 CEST] ...acker/start/mason.nvim/lua/mason-core/installer/init.lua:245: Installation succeeded for Package(name=yaml-language-server)
[INFO  do 22 jun 2023 22:30:32 CEST] ...acker/start/mason.nvim/lua/mason-core/installer/init.lua:245: Installation succeeded for Package(name=rust-analyzer)
[INFO  do 22 jun 2023 22:30:39 CEST] ...acker/start/mason.nvim/lua/mason-core/installer/init.lua:245: Installation succeeded for Package(name=svelte-language-server)
[INFO  do 22 jun 2023 22:30:44 CEST] ...acker/start/mason.nvim/lua/mason-core/installer/init.lua:184: Executing installer for Package(name=gopls) {}
[ERROR do 22 jun 2023 22:30:44 CEST] ...acker/start/mason.nvim/lua/mason-core/installer/init.lua:249: Installation failed for Package(name=gopls) error=spawn: go failed with exit code - and signal -. go is not executable
[INFO  do 22 jun 2023 22:30:50 CEST] ...acker/start/mason.nvim/lua/mason-core/installer/init.lua:184: Executing installer for Package(name=gopls) {}
[ERROR do 22 jun 2023 22:30:50 CEST] ...acker/start/mason.nvim/lua/mason-core/installer/init.lua:249: Installation failed for Package(name=gopls) error=spawn: go failed with exit code - and signal -. go is not executable
[INFO  do 22 jun 2023 22:33:39 CEST] ...acker/start/mason.nvim/lua/mason-core/installer/init.lua:184: Executing installer for Package(name=gopls) {}
[ERROR do 22 jun 2023 22:33:39 CEST] ...acker/start/mason.nvim/lua/mason-core/installer/init.lua:249: Installation failed for Package(name=gopls) error=spawn: go failed with exit code - and signal -. go is not executable
[INFO  do 22 jun 2023 22:36:03 CEST] ...acker/start/mason.nvim/lua/mason-core/installer/init.lua:184: Executing installer for Package(name=gopls) {}
[ERROR do 22 jun 2023 22:36:03 CEST] ...acker/start/mason.nvim/lua/mason-core/installer/init.lua:249: Installation failed for Package(name=gopls) error=spawn: go failed with exit code - and signal -. go is not executable
[INFO  do 22 jun 2023 22:36:29 CEST] ...acker/start/mason.nvim/lua/mason-core/installer/init.lua:184: Executing installer for Package(name=gopls) {}
[ERROR do 22 jun 2023 22:36:29 CEST] ...acker/start/mason.nvim/lua/mason-core/installer/init.lua:249: Installation failed for Package(name=gopls) error=spawn: go failed with exit code - and signal -. go is not executable
[INFO  vr 23 jun 2023 06:48:36 CEST] ...acker/start/mason.nvim/lua/mason-core/installer/init.lua:184: Executing installer for Package(name=vetur-vls) {}
[INFO  vr 23 jun 2023 06:48:36 CEST] ...acker/start/mason.nvim/lua/mason-core/installer/init.lua:184: Executing installer for Package(name=emmet-ls) {}
[INFO  vr 23 jun 2023 06:48:36 CEST] ...acker/start/mason.nvim/lua/mason-core/installer/init.lua:184: Executing installer for Package(name=graphql-language-service-cli) {}
[INFO  vr 23 jun 2023 06:48:36 CEST] ...acker/start/mason.nvim/lua/mason-core/installer/init.lua:184: Executing installer for Package(name=prisma-language-server) {}
[INFO  vr 23 jun 2023 06:48:44 CEST] ...acker/start/mason.nvim/lua/mason-core/installer/init.lua:245: Installation succeeded for Package(name=emmet-ls)
[ERROR vr 23 jun 2023 06:48:47 CEST] ...acker/start/mason.nvim/lua/mason-core/installer/init.lua:249: Installation failed for Package(name=prisma-language-server) error="Installation was aborted."
[ERROR vr 23 jun 2023 06:48:47 CEST] ...acker/start/mason.nvim/lua/mason-core/installer/init.lua:249: Installation failed for Package(name=graphql-language-service-cli) error="Installation was aborted."
[ERROR vr 23 jun 2023 06:48:51 CEST] ...acker/start/mason.nvim/lua/mason-core/installer/init.lua:249: Installation failed for Package(name=vetur-vls) error="Installation was aborted."
[INFO  vr 23 jun 2023 06:50:46 CEST] ...acker/start/mason.nvim/lua/mason-core/installer/init.lua:184: Executing installer for Package(name=vetur-vls) {}
[INFO  vr 23 jun 2023 06:50:46 CEST] ...acker/start/mason.nvim/lua/mason-core/installer/init.lua:184: Executing installer for Package(name=graphql-language-service-cli) {}
[INFO  vr 23 jun 2023 06:50:46 CEST] ...acker/start/mason.nvim/lua/mason-core/installer/init.lua:184: Executing installer for Package(name=prisma-language-server) {}
[INFO  vr 23 jun 2023 06:50:50 CEST] ...acker/start/mason.nvim/lua/mason-core/installer/init.lua:245: Installation succeeded for Package(name=vetur-vls)
[INFO  vr 23 jun 2023 06:50:54 CEST] ...acker/start/mason.nvim/lua/mason-core/installer/init.lua:245: Installation succeeded for Package(name=prisma-language-server)
[ERROR vr 23 jun 2023 06:50:54 CEST] ...acker/start/mason.nvim/lua/mason-core/installer/init.lua:249: Installation failed for Package(name=graphql-language-service-cli) error="Installation was aborted."
[INFO  vr 23 jun 2023 09:25:56 CEST] ...acker/start/mason.nvim/lua/mason-core/installer/init.lua:184: Executing installer for Package(name=graphql-language-service-cli) {}
[INFO  vr 23 jun 2023 09:26:13 CEST] ...acker/start/mason.nvim/lua/mason-core/installer/init.lua:245: Installation succeeded for Package(name=graphql-language-service-cli)
[INFO  do 29 jun 2023 13:17:42 CEST] ...acker/start/mason.nvim/lua/mason-core/installer/init.lua:184: Executing installer for Package(name=terraform-ls) {}
[INFO  do 29 jun 2023 13:17:44 CEST] ...acker/start/mason.nvim/lua/mason-core/installer/init.lua:245: Installation succeeded for Package(name=terraform-ls)
